  Turing machine 19-09-06.cpp
C:\Users\Tomas\source\repos\Turing machine 19-09-06\Turing machine 19-09-06\Turing machine 19-09-06.cpp(33,11): warning C4244:  'initializing': conversion from '__int64' to 'int', possible loss of data
C:\Users\Tomas\source\repos\Turing machine 19-09-06\Turing machine 19-09-06\Turing machine 19-09-06.cpp(37,16): warning C4244:  'argument': conversion from '__int64' to 'const unsigned int', possible loss of data
C:\Users\Tomas\source\repos\Turing machine 19-09-06\Turing machine 19-09-06\Turing machine 19-09-06.cpp(46,16): warning C4244:  'argument': conversion from '__int64' to 'const unsigned int', possible loss of data
C:\Users\Tomas\source\repos\Turing machine 19-09-06\Turing machine 19-09-06\Turing machine 19-09-06.cpp(78,12): warning C4244:  'argument': conversion from 'time_t' to 'unsigned int', possible loss of data
C:\Users\Tomas\source\repos\Turing machine 19-09-06\Turing machine 19-09-06\Turing machine 19-09-06.cpp(93,16): warning C4244:  'argument': conversion from '__int64' to 'const unsigned int', possible loss of data
C:\Users\Tomas\source\repos\Turing machine 19-09-06\Turing machine 19-09-06\Turing machine 19-09-06.cpp(93,41): warning C4244:  'argument': conversion from '__int64' to 'const unsigned int', possible loss of data
C:\Users\Tomas\source\repos\Turing machine 19-09-06\Turing machine 19-09-06\Turing machine 19-09-06.cpp(93,66): warning C4244:  'argument': conversion from '__int64' to 'const unsigned int', possible loss of data
C:\Users\Tomas\source\repos\Turing machine 19-09-06\Turing machine 19-09-06\Turing machine 19-09-06.cpp(93,87): warning C4244:  'argument': conversion from '__int64' to 'const unsigned int', possible loss of data
C:\Users\Tomas\source\repos\Turing machine 19-09-06\Turing machine 19-09-06\Turing machine 19-09-06.cpp(94,10): warning C4244:  'argument': conversion from '__int64' to 'const unsigned int', possible loss of data
C:\Users\Tomas\source\repos\Turing machine 19-09-06\Turing machine 19-09-06\Turing machine 19-09-06.cpp(99,14): warning C4244:  'initializing': conversion from '__int64' to 'int', possible loss of data
C:\Users\Tomas\source\repos\Turing machine 19-09-06\Turing machine 19-09-06\Turing machine 19-09-06.cpp(99,25): warning C4018:  '<': signed/unsigned mismatch
C:\Users\Tomas\source\repos\Turing machine 19-09-06\Turing machine 19-09-06\Turing machine 19-09-06.cpp(101,15): warning C4244:  'argument': conversion from '__int64' to 'const unsigned int', possible loss of data
C:\Users\Tomas\source\repos\Turing machine 19-09-06\Turing machine 19-09-06\Turing machine 19-09-06.cpp(104,16): warning C4244:  'argument': conversion from '__int64' to 'const unsigned int', possible loss of data
C:\Users\Tomas\source\repos\Turing machine 19-09-06\Turing machine 19-09-06\Turing machine 19-09-06.cpp(105,12): warning C4244:  'argument': conversion from '__int64' to 'const unsigned int', possible loss of data
C:\Users\Tomas\source\repos\Turing machine 19-09-06\Turing machine 19-09-06\Turing machine 19-09-06.cpp(114,14): warning C4244:  'argument': conversion from '__int64' to 'const unsigned int', possible loss of data
C:\Users\Tomas\source\repos\Turing machine 19-09-06\Turing machine 19-09-06\Turing machine 19-09-06.cpp(116,11): warning C4244:  'argument': conversion from '__int64' to 'const unsigned int', possible loss of data
C:\Users\Tomas\source\repos\Turing machine 19-09-06\Turing machine 19-09-06\Turing machine 19-09-06.cpp(118,38): warning C4244:  'argument': conversion from '__int64' to 'const unsigned int', possible loss of data
C:\Users\Tomas\source\repos\Turing machine 19-09-06\Turing machine 19-09-06\Turing machine 19-09-06.cpp(120,11): warning C4244:  'argument': conversion from '__int64' to 'const unsigned int', possible loss of data
C:\Users\Tomas\source\repos\Turing machine 19-09-06\Turing machine 19-09-06\Turing machine 19-09-06.cpp(120,41): warning C4244:  'argument': conversion from '__int64' to 'const unsigned int', possible loss of data
C:\Users\Tomas\source\repos\Turing machine 19-09-06\Turing machine 19-09-06\Turing machine 19-09-06.cpp(122,24): warning C4244:  'argument': conversion from '__int64' to 'const unsigned int', possible loss of data
C:\Users\Tomas\source\repos\Turing machine 19-09-06\Turing machine 19-09-06\Turing machine 19-09-06.cpp(128,13): warning C4244:  'argument': conversion from '__int64' to 'const unsigned int', possible loss of data
C:\Users\Tomas\source\repos\Turing machine 19-09-06\Turing machine 19-09-06\Turing machine 19-09-06.cpp(128,41): warning C4244:  'argument': conversion from '__int64' to 'const unsigned int', possible loss of data
C:\Users\Tomas\source\repos\Turing machine 19-09-06\Turing machine 19-09-06\Turing machine 19-09-06.cpp(130,11): warning C4244:  'argument': conversion from '__int64' to 'const unsigned int', possible loss of data
C:\Users\Tomas\source\repos\Turing machine 19-09-06\Turing machine 19-09-06\Turing machine 19-09-06.cpp(130,39): warning C4244:  'argument': conversion from '__int64' to 'const unsigned int', possible loss of data
C:\Users\Tomas\source\repos\Turing machine 19-09-06\Turing machine 19-09-06\Turing machine 19-09-06.cpp(131,10): warning C4244:  'initializing': conversion from '__int64' to 'int', possible loss of data
C:\Users\Tomas\source\repos\Turing machine 19-09-06\Turing machine 19-09-06\Turing machine 19-09-06.cpp(134,38): warning C4244:  'argument': conversion from '__int64' to 'const unsigned int', possible loss of data
C:\Users\Tomas\source\repos\Turing machine 19-09-06\Turing machine 19-09-06\Turing machine 19-09-06.cpp(143,14): warning C4244:  'argument': conversion from '__int64' to 'const unsigned int', possible loss of data
C:\Users\Tomas\source\repos\Turing machine 19-09-06\Turing machine 19-09-06\Turing machine 19-09-06.cpp(144,11): warning C4244:  'argument': conversion from '__int64' to 'const unsigned int', possible loss of data
C:\Users\Tomas\source\repos\Turing machine 19-09-06\Turing machine 19-09-06\Turing machine 19-09-06.cpp(148,12): warning C4244:  'argument': conversion from '__int64' to 'const unsigned int', possible loss of data
C:\Users\Tomas\source\repos\Turing machine 19-09-06\Turing machine 19-09-06\Turing machine 19-09-06.cpp(151,38): warning C4244:  'argument': conversion from '__int64' to 'int', possible loss of data
C:\Users\Tomas\source\repos\Turing machine 19-09-06\Turing machine 19-09-06\Turing machine 19-09-06.cpp(151,8): warning C4244:  'argument': conversion from '__int64' to 'int', possible loss of data
C:\Users\Tomas\source\repos\Turing machine 19-09-06\Turing machine 19-09-06\Turing machine 19-09-06.cpp(158,16): warning C4244:  'argument': conversion from '__int64' to 'const unsigned int', possible loss of data
C:\Users\Tomas\source\repos\Turing machine 19-09-06\Turing machine 19-09-06\Turing machine 19-09-06.cpp(160,34): warning C4244:  'argument': conversion from '__int64' to 'const unsigned int', possible loss of data
C:\Users\Tomas\source\repos\Turing machine 19-09-06\Turing machine 19-09-06\Turing machine 19-09-06.cpp(161,14): warning C4244:  'argument': conversion from '__int64' to 'const unsigned int', possible loss of data
C:\Users\Tomas\source\repos\Turing machine 19-09-06\Turing machine 19-09-06\Turing machine 19-09-06.cpp(161,39): warning C4244:  'argument': conversion from '__int64' to 'const unsigned int', possible loss of data
C:\Users\Tomas\source\repos\Turing machine 19-09-06\Turing machine 19-09-06\Turing machine 19-09-06.cpp(163,15): warning C4244:  'argument': conversion from '__int64' to 'const unsigned int', possible loss of data
C:\Users\Tomas\source\repos\Turing machine 19-09-06\Turing machine 19-09-06\Turing machine 19-09-06.cpp(163,40): warning C4244:  'argument': conversion from '__int64' to 'const unsigned int', possible loss of data
C:\Users\Tomas\source\repos\Turing machine 19-09-06\Turing machine 19-09-06\Turing machine 19-09-06.cpp(165,12): warning C4244:  'argument': conversion from '__int64' to 'const unsigned int', possible loss of data
C:\Users\Tomas\source\repos\Turing machine 19-09-06\Turing machine 19-09-06\Turing machine 19-09-06.cpp(165,31): warning C4244:  'argument': conversion from '__int64' to 'const unsigned int', possible loss of data
C:\Users\Tomas\source\repos\Turing machine 19-09-06\Turing machine 19-09-06\Turing machine 19-09-06.cpp(166,22): warning C4244:  'argument': conversion from '__int64' to 'const unsigned int', possible loss of data
C:\Users\Tomas\source\repos\Turing machine 19-09-06\Turing machine 19-09-06\Turing machine 19-09-06.cpp(167,41): warning C4244:  'argument': conversion from '__int64' to 'int', possible loss of data
C:\Users\Tomas\source\repos\Turing machine 19-09-06\Turing machine 19-09-06\Turing machine 19-09-06.cpp(167,11): warning C4244:  'argument': conversion from '__int64' to 'int', possible loss of data
C:\Users\Tomas\source\repos\Turing machine 19-09-06\Turing machine 19-09-06\Turing machine 19-09-06.cpp(168,25): warning C4244:  'argument': conversion from '__int64' to 'const unsigned int', possible loss of data
C:\Users\Tomas\source\repos\Turing machine 19-09-06\Turing machine 19-09-06\Turing machine 19-09-06.cpp(169,16): warning C4244:  'argument': conversion from '__int64' to 'const unsigned int', possible loss of data
C:\Users\Tomas\source\repos\Turing machine 19-09-06\Turing machine 19-09-06\Turing machine 19-09-06.cpp(171,26): warning C4018:  '<': signed/unsigned mismatch
C:\Users\Tomas\source\repos\Turing machine 19-09-06\Turing machine 19-09-06\Turing machine 19-09-06.cpp(181,21): warning C4244:  'argument': conversion from '__int64' to 'const unsigned int', possible loss of data
C:\Users\Tomas\source\repos\Turing machine 19-09-06\Turing machine 19-09-06\Turing machine 19-09-06.cpp(182,15): warning C4244:  'argument': conversion from '__int64' to 'const unsigned int', possible loss of data
C:\Users\Tomas\source\repos\Turing machine 19-09-06\Turing machine 19-09-06\Turing machine 19-09-06.cpp(184,23): warning C4018:  '<': signed/unsigned mismatch
C:\Users\Tomas\source\repos\Turing machine 19-09-06\Turing machine 19-09-06\Turing machine 19-09-06.cpp(192,19): warning C4244:  'argument': conversion from '__int64' to 'const unsigned int', possible loss of data
C:\Users\Tomas\source\repos\Turing machine 19-09-06\Turing machine 19-09-06\Turing machine 19-09-06.cpp(192,44): warning C4244:  'argument': conversion from '__int64' to 'const unsigned int', possible loss of data
C:\Users\Tomas\source\repos\Turing machine 19-09-06\Turing machine 19-09-06\Turing machine 19-09-06.cpp(194,16): warning C4244:  'argument': conversion from '__int64' to 'const unsigned int', possible loss of data
C:\Users\Tomas\source\repos\Turing machine 19-09-06\Turing machine 19-09-06\Turing machine 19-09-06.cpp(196,18): warning C4244:  'argument': conversion from '__int64' to 'const unsigned int', possible loss of data
C:\Users\Tomas\source\repos\Turing machine 19-09-06\Turing machine 19-09-06\Turing machine 19-09-06.cpp(204,39): warning C4244:  'argument': conversion from '__int64' to 'int', possible loss of data
C:\Users\Tomas\source\repos\Turing machine 19-09-06\Turing machine 19-09-06\Turing machine 19-09-06.cpp(204,9): warning C4244:  'argument': conversion from '__int64' to 'int', possible loss of data
C:\Users\Tomas\source\repos\Turing machine 19-09-06\Turing machine 19-09-06\Turing machine 19-09-06.cpp(205,23): warning C4244:  'argument': conversion from '__int64' to 'const unsigned int', possible loss of data
C:\Users\Tomas\source\repos\Turing machine 19-09-06\Turing machine 19-09-06\Turing machine 19-09-06.cpp(211,23): warning C4244:  'argument': conversion from '__int64' to 'const unsigned int', possible loss of data
C:\Users\Tomas\source\repos\Turing machine 19-09-06\Turing machine 19-09-06\Turing machine 19-09-06.cpp(216,18): warning C4244:  'argument': conversion from '__int64' to 'const unsigned int', possible loss of data
C:\Users\Tomas\source\repos\Turing machine 19-09-06\Turing machine 19-09-06\Turing machine 19-09-06.cpp(221,18): warning C4244:  'argument': conversion from '__int64' to 'const unsigned int', possible loss of data
  Turing machine 19-09-06.vcxproj -> C:\Users\Tomas\source\repos\Turing machine 19-09-06\Debug\Turing machine 19-09-06.exe
